[03Dec2024 00:00:07.577] [Server thread/WARN] [net.minecraft.server.MinecraftServer/]: Can't keep up! Is the server overloaded? Running 9346ms or 186 ticks behind
[03Dec2024 00:00:28.674] [Server thread/WARN] [net.minecraft.server.MinecraftServer/]: Can't keep up! Is the server overloaded? Running 6143ms or 122 ticks behind
[03Dec2024 00:00:51.104] [Server thread/WARN] [net.minecraft.server.MinecraftServer/]: Can't keep up! Is the server overloaded? Running 7473ms or 149 ticks behind
[03Dec2024 00:00:51.666] [Server thread/INFO] [net.minecraft.server.MinecraftServer/]: node
[03Dec2024 00:01:11.876] [Server thread/WARN] [net.minecraft.server.MinecraftServer/]: Can't keep up! Is the server overloaded? Running 5795ms or 115 ticks behind
[03Dec2024 00:01:26.222] [Server thread/INFO] [net.minecraft.server.players.PlayerList/]: darcksade15[/127.225.147.38:54825] logged in with entity id 81997 at (84.36350340970394, 86.0, 81.38990337453178)
[03Dec2024 00:01:26.227] [Server thread/INFO] [net.minecraft.server.MinecraftServer/]: darcksade15 joined the game
[03Dec2024 00:01:26.291] [Server thread/INFO] [Jade/]: Syncing config to darcksade15 (d867e56f-ee01-31ac-898d-6b8e130190fd)
[03Dec2024 00:01:36.774] [Server thread/WARN] [net.minecraft.server.MinecraftServer/]: Can't keep up! Is the server overloaded? Running 9943ms or 198 ticks behind
[03Dec2024 00:01:57.459] [Server thread/WARN] [net.minecraft.server.MinecraftServer/]: Can't keep up! Is the server overloaded? Running 5728ms or 114 ticks behind
[03Dec2024 00:02:16.376] [Server thread/INFO] [net.minecraft.server.MinecraftServer/]: node
[03Dec2024 00:02:18.857] [Server thread/WARN] [net.minecraft.server.MinecraftServer/]: Can't keep up! Is the server overloaded? Running 6426ms or 128 ticks behind
[03Dec2024 00:02:41.710] [Server thread/INFO] [net.minecraft.server.MinecraftServer/]: [Not Secure] <darcksade15> me muero XD
[03Dec2024 00:02:41.967] [Server thread/INFO] [net.minecraft.server.MinecraftServer/]: [Not Secure] <Elcovid19> que fue XD
[03Dec2024 00:02:43.374] [Server thread/WARN] [net.minecraft.server.MinecraftServer/]: Can't keep up! Is the server overloaded? Running 9543ms or 190 ticks behind
[03Dec2024 00:03:10.929] [Server thread/WARN] [net.minecraft.server.MinecraftServer/]: Can't keep up! Is the server overloaded? Running 12598ms or 251 ticks behind
[03Dec2024 00:03:12.034] [Server thread/INFO] [net.minecraft.server.MinecraftServer/]: node
[03Dec2024 00:03:35.728] [Server thread/WARN] [net.minecraft.server.MinecraftServer/]: Can't keep up! Is the server overloaded? Running 9847ms or 196 ticks behind
[03Dec2024 00:03:36.459] [Server thread/INFO] [net.minecraft.server.MinecraftServer/]: [Not Secure] <darcksade15> covid y eso ?
[03Dec2024 00:03:45.794] [Server thread/INFO] [net.minecraft.server.MinecraftServer/]: [Not Secure] <Elcovid19> un enemigo
[03Dec2024 00:03:56.460] [Server thread/INFO] [net.minecraft.server.MinecraftServer/]: [Not Secure] <darcksade15> ta bien
[03Dec2024 00:03:58.118] [Server thread/WARN] [net.minecraft.server.MinecraftServer/]: Can't keep up! Is the server overloaded? Running 7437ms or 148 ticks behind
[03Dec2024 00:04:23.281] [Server thread/WARN] [net.minecraft.server.MinecraftServer/]: Can't keep up! Is the server overloaded? Running 10200ms or 204 ticks behind
[03Dec2024 00:04:56.408] [Server thread/WARN] [net.minecraft.server.MinecraftServer/]: Can't keep up! Is the server overloaded? Running 18127ms or 362 ticks behind
[03Dec2024 00:05:26.571] [Server thread/WARN] [net.minecraft.server.MinecraftServer/]: Can't keep up! Is the server overloaded? Running 15190ms or 303 ticks behind
[03Dec2024 00:06:02.358] [Server thread/WARN] [net.minecraft.server.MinecraftServer/]: Can't keep up! Is the server overloaded? Running 20827ms or 416 ticks behind
[03Dec2024 00:06:08.196] [Server thread/INFO] [net.minecraft.server.MinecraftServer/]: [Not Secure] <darcksade15> que mounstro de mrd XD
[03Dec2024 00:06:47.938] [Server thread/WARN] [net.minecraft.server.MinecraftServer/]: Can't keep up! Is the server overloaded? Running 30607ms or 612 ticks behind
[03Dec2024 00:07:26.195] [Server thread/WARN] [net.minecraft.server.MinecraftServer/]: Can't keep up! Is the server overloaded? Running 23264ms or 465 ticks behind
[03Dec2024 00:07:59.712] [Server thread/WARN] [net.minecraft.server.MinecraftServer/]: Can't keep up! Is the server overloaded? Running 18531ms or 370 ticks behind
[03Dec2024 00:08:32.302] [Server thread/WARN] [net.minecraft.server.MinecraftServer/]: Can't keep up! Is the server overloaded? Running 17621ms or 352 ticks behind
[03Dec2024 00:09:06.045] [Server thread/WARN] [net.minecraft.server.MinecraftServer/]: Can't keep up! Is the server overloaded? Running 18764ms or 375 ticks behind
[03Dec2024 00:09:38.833] [Server thread/WARN] [net.minecraft.server.MinecraftServer/]: Can't keep up! Is the server overloaded? Running 17802ms or 356 ticks behind
[03Dec2024 00:10:01.151] [Server thread/INFO] [net.minecraft.server.MinecraftServer/]: [Not Secure] <Elcovid19> XD
[03Dec2024 00:10:02.441] [Server thread/WARN] [net.minecraft.server.MinecraftServer/]: Can't keep up! Is the server overloaded? Running 8610ms or 172 ticks behind
[03Dec2024 00:10:22.961] [Server thread/INFO] [net.minecraft.server.MinecraftServer/]: [Not Secure] <darcksade15> no me dejan tranquilo XD
[03Dec2024 00:10:27.019] [Server thread/WARN] [net.minecraft.server.MinecraftServer/]: Can't keep up! Is the server overloaded? Running 9588ms or 191 ticks behind
[03Dec2024 00:10:53.816] [Server thread/WARN] [net.minecraft.server.MinecraftServer/]: Can't keep up! Is the server overloaded? Running 11834ms or 236 ticks behind
[03Dec2024 00:11:26.059] [Server thread/WARN] [net.minecraft.server.MinecraftServer/]: Can't keep up! Is the server overloaded? Running 17278ms or 345 ticks behind
[03Dec2024 00:12:04.537] [Server thread/WARN] [net.minecraft.server.MinecraftServer/]: Can't keep up! Is the server overloaded? Running 23506ms or 470 ticks behind
[03Dec2024 00:12:46.408] [Server thread/WARN] [net.minecraft.server.MinecraftServer/]: Can't keep up! Is the server overloaded? Running 26877ms or 537 ticks behind
[03Dec2024 00:13:08.865] [Server thread/INFO] [net.minecraft.server.MinecraftServer/]: orion_cuy hit the ground too hard
[03Dec2024 00:13:11.540] [Server thread/INFO] [net.minecraft.server.MinecraftServer/]: [Not Secure] * FirexpSTF explotó
[03Dec2024 00:13:27.697] [Server thread/WARN] [net.minecraft.server.MinecraftServer/]: Can't keep up! Is the server overloaded? Running 26316ms or 526 ticks behind
[03Dec2024 00:14:05.925] [Server thread/WARN] [net.minecraft.server.MinecraftServer/]: Can't keep up! Is the server overloaded? Running 23244ms or 464 ticks behind
[03Dec2024 00:14:43.015] [Server thread/WARN] [net.minecraft.server.MinecraftServer/]: Can't keep up! Is the server overloaded? Running 22134ms or 442 ticks behind
